<?xml version="1.0" encoding="UTF-8"?>
<coverage generated="1595452704">
  <project timestamp="1595452704">
    <package name="CrediBorg">
      <file name="/home/francis/htdocs/cynobit/Binaries/crediborg-php-client/src/CrediBorg/CrediBorg.php">
        <class name="CrediBorg\CrediBorg" namespace="CrediBorg">
          <metrics complexity="8" methods="5" coveredmethods="3" conditionals="0" coveredconditionals="0" statements="21" coveredstatements="17" elements="26" coveredelements="20"/>
        </class>
        <line num="30" type="method" name="__construct" visibility="public" complexity="1" crap="1" count="1"/>
        <line num="32" type="stmt" count="1"/>
        <line num="33" type="stmt" count="1"/>
        <line num="34" type="stmt" count="1"/>
        <line num="43" type="method" name="createInvoice" visibility="public" complexity="3" crap="3.14" count="1"/>
        <line num="45" type="stmt" count="1"/>
        <line num="46" type="stmt" count="1"/>
        <line num="47" type="stmt" count="1"/>
        <line num="48" type="stmt" count="1"/>
        <line num="51" type="stmt" count="1"/>
        <line num="52" type="stmt" count="1"/>
        <line num="53" type="stmt" count="1"/>
        <line num="54" type="stmt" count="1"/>
        <line num="55" type="stmt" count="1"/>
        <line num="56" type="stmt" count="0"/>
        <line num="57" type="stmt" count="0"/>
        <line num="59" type="stmt" count="0"/>
        <line num="69" type="method" name="getEventPayload" visibility="public" complexity="1" crap="2.00" count="0"/>
        <line num="71" type="stmt" count="0"/>
        <line num="79" type="method" name="get_headers" visibility="private" complexity="1" crap="1" count="1"/>
        <line num="82" type="stmt" count="1"/>
        <line num="83" type="stmt" count="1"/>
        <line num="94" type="method" name="endpoint" visibility="private" complexity="2" crap="2" count="1"/>
        <line num="96" type="stmt" count="1"/>
        <line num="97" type="stmt" count="1"/>
        <line num="98" type="stmt" count="1"/>
        <metrics loc="100" ncloc="62" classes="1" methods="5" coveredmethods="3" conditionals="0" coveredconditionals="0" statements="21" coveredstatements="17" elements="26" coveredelements="20"/>
      </file>
      <file name="/home/francis/htdocs/cynobit/Binaries/crediborg-php-client/src/CrediBorg/EventPayload.php">
        <class name="CrediBorg\EventPayload" namespace="CrediBorg">
          <metrics complexity="15" methods="6" coveredmethods="0" conditionals="0" coveredconditionals="0" statements="24" coveredstatements="0" elements="30" coveredelements="0"/>
        </class>
        <line num="21" type="method" name="__construct" visibility="public" complexity="2" crap="6.00" count="0"/>
        <line num="23" type="stmt" count="0"/>
        <line num="25" type="stmt" count="0"/>
        <line num="26" type="stmt" count="0"/>
        <line num="34" type="method" name="__get" visibility="public" complexity="1" crap="2.00" count="0"/>
        <line num="36" type="stmt" count="0"/>
        <line num="44" type="method" name="getType" visibility="public" complexity="1" crap="2.00" count="0"/>
        <line num="46" type="stmt" count="0"/>
        <line num="54" type="method" name="getTransactions" visibility="public" complexity="2" crap="6.00" count="0"/>
        <line num="56" type="stmt" count="0"/>
        <line num="58" type="stmt" count="0"/>
        <line num="59" type="stmt" count="0"/>
        <line num="62" type="stmt" count="0"/>
        <line num="70" type="method" name="getMatchedInvoices" visibility="public" complexity="5" crap="30.00" count="0"/>
        <line num="72" type="stmt" count="0"/>
        <line num="74" type="stmt" count="0"/>
        <line num="75" type="stmt" count="0"/>
        <line num="76" type="stmt" count="0"/>
        <line num="77" type="stmt" count="0"/>
        <line num="78" type="stmt" count="0"/>
        <line num="79" type="stmt" count="0"/>
        <line num="80" type="stmt" count="0"/>
        <line num="86" type="stmt" count="0"/>
        <line num="96" type="method" name="get_associated_transactions" visibility="private" complexity="4" crap="20.00" count="0"/>
        <line num="98" type="stmt" count="0"/>
        <line num="99" type="stmt" count="0"/>
        <line num="100" type="stmt" count="0"/>
        <line num="101" type="stmt" count="0"/>
        <line num="102" type="stmt" count="0"/>
        <line num="106" type="stmt" count="0"/>
        <metrics loc="108" ncloc="70" classes="1" methods="6" coveredmethods="0" conditionals="0" coveredconditionals="0" statements="24" coveredstatements="0" elements="30" coveredelements="0"/>
      </file>
      <file name="/home/francis/htdocs/cynobit/Binaries/crediborg-php-client/src/CrediBorg/Invoice.php">
        <class name="CrediBorg\Invoice" namespace="CrediBorg">
          <metrics complexity="33" methods="17" coveredmethods="6" conditionals="0" coveredconditionals="0" statements="44" coveredstatements="18" elements="61" coveredelements="24"/>
        </class>
        <line num="42" type="method" name="__construct" visibility="public" complexity="1" crap="1" count="1"/>
        <line num="44" type="stmt" count="1"/>
        <line num="46" type="stmt" count="1"/>
        <line num="47" type="stmt" count="1"/>
        <line num="55" type="method" name="fromJson" visibility="public" complexity="5" crap="30.00" count="0"/>
        <line num="57" type="stmt" count="0"/>
        <line num="59" type="stmt" count="0"/>
        <line num="60" type="stmt" count="0"/>
        <line num="61" type="stmt" count="0"/>
        <line num="63" type="stmt" count="0"/>
        <line num="72" type="method" name="fromObject" visibility="public" complexity="4" crap="20.00" count="0"/>
        <line num="74" type="stmt" count="0"/>
        <line num="75" type="stmt" count="0"/>
        <line num="77" type="stmt" count="0"/>
        <line num="78" type="stmt" count="0"/>
        <line num="79" type="stmt" count="0"/>
        <line num="81" type="stmt" count="0"/>
        <line num="91" type="method" name="setCode" visibility="public" complexity="1" crap="1" count="1"/>
        <line num="93" type="stmt" count="1"/>
        <line num="94" type="stmt" count="1"/>
        <line num="107" type="method" name="setCustomer" visibility="public" complexity="1" crap="2.00" count="0"/>
        <line num="109" type="stmt" count="0"/>
        <line num="110" type="stmt" count="0"/>
        <line num="119" type="method" name="setEmail" visibility="public" complexity="1" crap="2.00" count="0"/>
        <line num="121" type="stmt" count="0"/>
        <line num="122" type="stmt" count="0"/>
        <line num="131" type="method" name="getCustomerData" visibility="public" complexity="2" crap="6.00" count="0"/>
        <line num="133" type="stmt" count="0"/>
        <line num="135" type="stmt" count="0"/>
        <line num="147" type="method" name="setMetaData" visibility="public" complexity="1" crap="2.00" count="0"/>
        <line num="149" type="stmt" count="0"/>
        <line num="150" type="stmt" count="0"/>
        <line num="160" type="method" name="setCustomerId" visibility="public" complexity="1" crap="2.00" count="0"/>
        <line num="162" type="stmt" count="0"/>
        <line num="163" type="stmt" count="0"/>
        <line num="171" type="method" name="getId" visibility="public" complexity="1" crap="2.00" count="0"/>
        <line num="173" type="stmt" count="0"/>
        <line num="181" type="method" name="getCode" visibility="public" complexity="2" crap="2" count="1"/>
        <line num="183" type="stmt" count="1"/>
        <line num="192" type="method" name="setId" visibility="public" complexity="1" crap="1" count="1"/>
        <line num="194" type="stmt" count="1"/>
        <line num="195" type="stmt" count="1"/>
        <line num="203" type="method" name="getAmount" visibility="public" complexity="1" crap="1" count="1"/>
        <line num="205" type="stmt" count="1"/>
        <line num="214" type="method" name="__get" visibility="public" complexity="1" crap="2.00" count="0"/>
        <line num="216" type="stmt" count="0"/>
        <line num="226" type="method" name="addMatchedTransaction" visibility="public" complexity="1" crap="2.00" count="0"/>
        <line num="228" type="stmt" count="0"/>
        <line num="229" type="stmt" count="0"/>
        <line num="236" type="method" name="getMatchedTransactions" visibility="public" complexity="1" crap="2.00" count="0"/>
        <line num="238" type="stmt" count="0"/>
        <line num="246" type="method" name="getBody" visibility="public" complexity="8" crap="8" count="1"/>
        <line num="248" type="stmt" count="1"/>
        <line num="250" type="stmt" count="1"/>
        <line num="251" type="stmt" count="1"/>
        <line num="252" type="stmt" count="1"/>
        <line num="253" type="stmt" count="1"/>
        <line num="255" type="stmt" count="1"/>
        <line num="256" type="stmt" count="1"/>
        <line num="257" type="stmt" count="1"/>
        <line num="259" type="stmt" count="1"/>
        <metrics loc="261" ncloc="135" classes="1" methods="17" coveredmethods="6" conditionals="0" coveredconditionals="0" statements="44" coveredstatements="18" elements="61" coveredelements="24"/>
      </file>
      <file name="/home/francis/htdocs/cynobit/Binaries/crediborg-php-client/src/CrediBorg/Transaction.php">
        <class name="CrediBorg\Transaction" namespace="CrediBorg">
          <metrics complexity="4" methods="3" coveredmethods="0" conditionals="0" coveredconditionals="0" statements="6" coveredstatements="0" elements="9" coveredelements="0"/>
        </class>
        <line num="19" type="method" name="__construct" visibility="public" complexity="2" crap="6.00" count="0"/>
        <line num="21" type="stmt" count="0"/>
        <line num="22" type="stmt" count="0"/>
        <line num="31" type="method" name="fromObject" visibility="public" complexity="1" crap="2.00" count="0"/>
        <line num="33" type="stmt" count="0"/>
        <line num="34" type="stmt" count="0"/>
        <line num="35" type="stmt" count="0"/>
        <line num="44" type="method" name="__get" visibility="public" complexity="1" crap="2.00" count="0"/>
        <line num="46" type="stmt" count="0"/>
        <metrics loc="48" ncloc="25" classes="1" methods="3" coveredmethods="0" conditionals="0" coveredconditionals="0" statements="6" coveredstatements="0" elements="9" coveredelements="0"/>
      </file>
    </package>
    <package name="CrediBorg\Exceptions">
      <file name="/home/francis/htdocs/cynobit/Binaries/crediborg-php-client/src/CrediBorg/Exceptions/MalformedEventPayloadException.php">
        <class name="CrediBorg\Exceptions\MalformedEventPayloadException" namespace="CrediBorg\Exceptions">
          <metrics complexity="1" methods="1" coveredmethods="0" conditionals="0" coveredconditionals="0" statements="2" coveredstatements="0" elements="3" coveredelements="0"/>
        </class>
        <line num="12" type="method" name="__construct" visibility="public" complexity="1" crap="2.00" count="0"/>
        <line num="14" type="stmt" count="0"/>
        <line num="15" type="stmt" count="0"/>
        <metrics loc="16" ncloc="13" classes="1" methods="1" coveredmethods="0" conditionals="0" coveredconditionals="0" statements="2" coveredstatements="0" elements="3" coveredelements="0"/>
      </file>
      <file name="/home/francis/htdocs/cynobit/Binaries/crediborg-php-client/src/CrediBorg/Exceptions/ValidationException.php">
        <class name="CrediBorg\Exceptions\ValidationException" namespace="CrediBorg\Exceptions">
          <metrics complexity="1" methods="1" coveredmethods="0" conditionals="0" coveredconditionals="0" statements="3" coveredstatements="0" elements="4" coveredelements="0"/>
        </class>
        <line num="21" type="method" name="__construct" visibility="public" complexity="1" crap="2.00" count="0"/>
        <line num="23" type="stmt" count="0"/>
        <line num="24" type="stmt" count="0"/>
        <line num="25" type="stmt" count="0"/>
        <metrics loc="25" ncloc="15" classes="1" methods="1" coveredmethods="0" conditionals="0" coveredconditionals="0" statements="3" coveredstatements="0" elements="4" coveredelements="0"/>
      </file>
    </package>
    <metrics files="6" loc="558" ncloc="320" classes="6" methods="33" coveredmethods="9" conditionals="0" coveredconditionals="0" statements="100" coveredstatements="35" elements="133" coveredelements="44"/>
  </project>
</coverage>
